[Tue Dec 20 00:17:06.482700 2022] [ssl:warn] [pid 10472:tid 436] AH01909: www.example.com:443:0 server certificate does NOT include an ID which matches the server name
[Tue Dec 20 00:17:06.757770 2022] [ssl:warn] [pid 10472:tid 436] AH01909: www.example.com:443:0 server certificate does NOT include an ID which matches the server name
[Tue Dec 20 00:17:09.390884 2022] [mpm_winnt:notice] [pid 10472:tid 436] AH00455: Apache/2.4.53 (Win64) OpenSSL/1.1.1n PHP/7.4.28 configured -- resuming normal operations
[Tue Dec 20 00:17:09.390884 2022] [mpm_winnt:notice] [pid 10472:tid 436] AH00456: Apache Lounge VC15 Server built: Mar 16 2022 15:48:38
[Tue Dec 20 00:17:09.390884 2022] [core:notice] [pid 10472:tid 436] AH00094: Command line: 'apache\\bin\\httpd.exe -d C:/aula/server/apache -f conf\\httpd.conf'
[Tue Dec 20 00:17:09.421888 2022] [mpm_winnt:notice] [pid 10472:tid 436] AH00418: Parent: Created child process 10932
Apache server shutdown initiated...
sl:warn] [pid 10932:tid 440] AH01909: www.example.com:443:0 server certificate does NOT include an ID which matches the server name
[Tue Dec 20 00:17:12.168517 2022] [ssl:warn] [pid 10932:tid 440] AH01909: www.example.com:443:0 server certificate does NOT include an ID which matches the server name
[Tue Dec 20 00:17:12.346562 2022] [mpm_winnt:notice] [pid 10932:tid 440] AH00354: Child: Starting 150 worker threads.
[Tue Dec 20 01:22:47.213041 2022] [mpm_winnt:notice] [pid 10472:tid 436] AH00422: Parent: Received shutdown signal -- Shutting down the server.
[Tue Dec 20 01:22:51.443059 2022] [mpm_winnt:notice] [pid 10932:tid 440] AH00364: Child: All worker threads have exited.
[Thu Dec 29 20:08:50.111440 2022] [ssl:warn] [pid 13756:tid 292] AH01909: www.example.com:443:0 server certificate does NOT include an ID which matches the server name
[Thu Dec 29 20:08:50.611442 2022] [core:warn] [pid 13756:tid 292] AH00098: pid file C:/aula/server/apache/logs/httpd.pid overwritten -- Unclean shutdown of previous Apache run?
[Thu Dec 29 20:08:50.627068 2022] [ssl:warn] [pid 13756:tid 292] AH01909: www.example.com:443:0 server certificate does NOT include an ID which matches the server name
[Thu Dec 29 20:09:03.076686 2022] [mpm_winnt:notice] [pid 13756:tid 292] AH00455: Apache/2.4.53 (Win64) OpenSSL/1.1.1n PHP/7.4.28 configured -- resuming normal operations
[Thu Dec 29 20:09:03.076686 2022] [mpm_winnt:notice] [pid 13756:tid 292] AH00456: Apache Lounge VC15 Server built: Mar 16 2022 15:48:38
[Thu Dec 29 20:09:03.076686 2022] [core:notice] [pid 13756:tid 292] AH00094: Command line: 'apache\\bin\\httpd.exe -d C:/aula/server/apache -f conf\\httpd.conf'
[Thu Dec 29 20:09:03.168279 2022] [mpm_winnt:notice] [pid 13756:tid 292] AH00418: Parent: Created child process 13436
[Thu Dec 29 20:09:05.585874 2022] [ssl:warn] [pid 13436:tid 408] AH01909: www.example.com:443:0 server certificate does NOT include an ID which matches the server name
[Thu Dec 29 20:09:05.773922 2022] [ssl:warn] [pid 13436:tid 408] AH01909: www.example.com:443:0 server certificate does NOT include an ID which matches the server name
[Thu Dec 29 20:09:05.928960 2022] [mpm_winnt:notice] [pid 13436:tid 408] AH00354: Child: Starting 150 worker threads.
[Thu Dec 29 21:38:49.643991 2022] [ssl:warn] [pid 13032:tid 408] AH01909: www.example.com:443:0 server certificate does NOT include an ID which matches the server name
[Thu Dec 29 21:38:50.452747 2022] [core:warn] [pid 13032:tid 408] AH00098: pid file C:/aula/server/apache/logs/httpd.pid overwritten -- Unclean shutdown of previous Apache run?
[Thu Dec 29 21:38:50.467753 2022] [ssl:warn] [pid 13032:tid 408] AH01909: www.example.com:443:0 server certificate does NOT include an ID which matches the server name
[Thu Dec 29 21:39:09.107226 2022] [mpm_winnt:notice] [pid 13032:tid 408] AH00455: Apache/2.4.53 (Win64) OpenSSL/1.1.1n PHP/7.4.28 configured -- resuming normal operations
[Thu Dec 29 21:39:09.108226 2022] [mpm_winnt:notice] [pid 13032:tid 408] AH00456: Apache Lounge VC15 Server built: Mar 16 2022 15:48:38
[Thu Dec 29 21:39:09.108226 2022] [core:notice] [pid 13032:tid 408] AH00094: Command line: 'apache\\bin\\httpd.exe -d C:/aula/server/apache -f conf\\httpd.conf'
[Thu Dec 29 21:39:09.117231 2022] [mpm_winnt:notice] [pid 13032:tid 408] AH00418: Parent: Created child process 12400
Apache server shutdown initiated...
sl:warn] [pid 12400:tid 412] AH01909: www.example.com:443:0 server certificate does NOT include an ID which matches the server name
[Thu Dec 29 21:39:12.401173 2022] [ssl:warn] [pid 12400:tid 412] AH01909: www.example.com:443:0 server certificate does NOT include an ID which matches the server name
[Thu Dec 29 21:39:12.533205 2022] [mpm_winnt:notice] [pid 12400:tid 412] AH00354: Child: Starting 150 worker threads.
[Thu Dec 29 21:41:58.979852 2022] [mpm_winnt:notice] [pid 13032:tid 408] AH00422: Parent: Received shutdown signal -- Shutting down the server.
[Thu Dec 29 21:42:21.012399 2022] [mpm_winnt:notice] [pid 12400:tid 412] AH00364: Child: All worker threads have exited.
[Thu Dec 29 21:42:55.018458 2022] [ssl:warn] [pid 14684:tid 408] AH01909: www.example.com:443:0 server certificate does NOT include an ID which matches the server name
[Thu Dec 29 21:42:55.297526 2022] [core:warn] [pid 14684:tid 408] AH00098: pid file C:/aula/server/apache/logs/httpd.pid overwritten -- Unclean shutdown of previous Apache run?
[Thu Dec 29 21:42:55.307530 2022] [ssl:warn] [pid 14684:tid 408] AH01909: www.example.com:443:0 server certificate does NOT include an ID which matches the server name
[Thu Dec 29 21:42:55.433563 2022] [mpm_winnt:notice] [pid 14684:tid 408] AH00455: Apache/2.4.53 (Win64) OpenSSL/1.1.1n PHP/7.4.28 configured -- resuming normal operations
[Thu Dec 29 21:42:55.433563 2022] [mpm_winnt:notice] [pid 14684:tid 408] AH00456: Apache Lounge VC15 Server built: Mar 16 2022 15:48:38
[Thu Dec 29 21:42:55.433563 2022] [core:notice] [pid 14684:tid 408] AH00094: Command line: 'apache\\bin\\httpd.exe -d C:/aula/server/apache -f conf\\httpd.conf'
[Thu Dec 29 21:42:55.460569 2022] [mpm_winnt:notice] [pid 14684:tid 408] AH00418: Parent: Created child process 12436
Apache server shutdown initiated...
sl:warn] [pid 12436:tid 424] AH01909: www.example.com:443:0 server certificate does NOT include an ID which matches the server name
[Thu Dec 29 21:42:57.851171 2022] [ssl:warn] [pid 12436:tid 424] AH01909: www.example.com:443:0 server certificate does NOT include an ID which matches the server name
[Thu Dec 29 21:42:57.983206 2022] [mpm_winnt:notice] [pid 12436:tid 424] AH00354: Child: Starting 150 worker threads.
[Thu Dec 29 21:44:22.844562 2022] [php7:notice] [pid 12436:tid 1888] [client ::1:50078] [client 0:0:0:0:0:0:0:1]  http://localhost  Invalid Login Token:  admin  Mozilla/5.0 (Windows NT 10.0; Win64; x64) AppleWebKit/537.36 (KHTML, like Gecko) Chrome/108.0.0.0 Safari/537.36, referer: http://localhost/login/index.php
[Thu Dec 29 22:56:14.168143 2022] [php7:notice] [pid 12436:tid 1896] [client ::1:50119] [client 0:0:0:0:0:0:0:1]  http://localhost  Invalid Login Token:  admin  Mozilla/5.0 (Windows NT 10.0; Win64; x64) AppleWebKit/537.36 (KHTML, like Gecko) Chrome/108.0.0.0 Safari/537.36, referer: http://localhost/login/index.php
[Thu Dec 29 23:10:46.322301 2022] [mpm_winnt:notice] [pid 14684:tid 408] AH00422: Parent: Received shutdown signal -- Shutting down the server.
[Thu Dec 29 23:10:50.675399 2022] [mpm_winnt:notice] [pid 12436:tid 424] AH00364: Child: All worker threads have exited.
[Mon Jan 02 22:12:40.300350 2023] [ssl:warn] [pid 13852:tid 436] AH01909: www.example.com:443:0 server certificate does NOT include an ID which matches the server name
[Mon Jan 02 22:12:40.873285 2023] [core:warn] [pid 13852:tid 436] AH00098: pid file C:/aula/server/apache/logs/httpd.pid overwritten -- Unclean shutdown of previous Apache run?
[Mon Jan 02 22:12:40.886301 2023] [ssl:warn] [pid 13852:tid 436] AH01909: www.example.com:443:0 server certificate does NOT include an ID which matches the server name
[Mon Jan 02 22:12:57.263109 2023] [mpm_winnt:notice] [pid 13852:tid 436] AH00455: Apache/2.4.53 (Win64) OpenSSL/1.1.1n PHP/7.4.28 configured -- resuming normal operations
[Mon Jan 02 22:12:57.264114 2023] [mpm_winnt:notice] [pid 13852:tid 436] AH00456: Apache Lounge VC15 Server built: Mar 16 2022 15:48:38
[Mon Jan 02 22:12:57.264114 2023] [core:notice] [pid 13852:tid 436] AH00094: Command line: 'apache\\bin\\httpd.exe -d C:/aula/server/apache -f conf\\httpd.conf'
[Mon Jan 02 22:12:57.274112 2023] [mpm_winnt:notice] [pid 13852:tid 436] AH00418: Parent: Created child process 14248
Apache server shutdown initiated...
sl:warn] [pid 14248:tid 412] AH01909: www.example.com:443:0 server certificate does NOT include an ID which matches the server name
[Mon Jan 02 22:12:59.542862 2023] [ssl:warn] [pid 14248:tid 412] AH01909: www.example.com:443:0 server certificate does NOT include an ID which matches the server name
[Mon Jan 02 22:12:59.652885 2023] [mpm_winnt:notice] [pid 14248:tid 412] AH00354: Child: Starting 150 worker threads.
[Mon Jan 02 23:36:13.923284 2023] [php7:notice] [pid 14248:tid 1876] [client ::1:52754] Cannot find session record 3ebp5bn6vliafe7e3g08f547lp for user 2, creating new session., referer: http://localhost/admin/settings.php?section=themesettingmoove
[Mon Jan 02 23:43:51.115109 2023] [php7:notice] [pid 14248:tid 1888] [client ::1:53051] Cannot find session record 9ujm5ig88incpvs6losufoe2q0 for user 2, creating new session., referer: http://localhost/admin/settings.php?section=themesettingmoove
[Mon Jan 02 23:43:51.125109 2023] [php7:notice] [pid 14248:tid 1892] [client ::1:53054] Cannot find session record 9ujm5ig88incpvs6losufoe2q0 for user 2, creating new session., referer: http://localhost/admin/settings.php?section=themesettingmoove
[Tue Jan 03 01:07:38.193039 2023] [mpm_winnt:notice] [pid 13852:tid 436] AH00422: Parent: Received shutdown signal -- Shutting down the server.
[Tue Jan 03 01:07:41.153583 2023] [mpm_winnt:notice] [pid 14248:tid 412] AH00364: Child: All worker threads have exited.
[Tue Jan 03 23:43:14.222123 2023] [ssl:warn] [pid 5492:tid 408] AH01909: www.example.com:443:0 server certificate does NOT include an ID which matches the server name
[Tue Jan 03 23:43:14.678809 2023] [core:warn] [pid 5492:tid 408] AH00098: pid file C:/aula/server/apache/logs/httpd.pid overwritten -- Unclean shutdown of previous Apache run?
[Tue Jan 03 23:43:14.691806 2023] [ssl:warn] [pid 5492:tid 408] AH01909: www.example.com:443:0 server certificate does NOT include an ID which matches the server name
[Tue Jan 03 23:43:30.266959 2023] [mpm_winnt:notice] [pid 5492:tid 408] AH00455: Apache/2.4.53 (Win64) OpenSSL/1.1.1n PHP/7.4.28 configured -- resuming normal operations
[Tue Jan 03 23:43:30.266959 2023] [mpm_winnt:notice] [pid 5492:tid 408] AH00456: Apache Lounge VC15 Server built: Mar 16 2022 15:48:38
[Tue Jan 03 23:43:30.266959 2023] [core:notice] [pid 5492:tid 408] AH00094: Command line: 'apache\\bin\\httpd.exe -d C:/aula/server/apache -f conf\\httpd.conf'
[Tue Jan 03 23:43:30.476490 2023] [mpm_winnt:notice] [pid 5492:tid 408] AH00418: Parent: Created child process 8340
[Tue Jan 03 23:43:33.627913 2023] [ssl:warn] [pid 8340:tid 412] AH01909: www.example.com:443:0 server certificate does NOT include an ID which matches the server name
[Tue Jan 03 23:43:33.955475 2023] [ssl:warn] [pid 8340:tid 412] AH01909: www.example.com:443:0 server certificate does NOT include an ID which matches the server name
[Tue Jan 03 23:43:34.056500 2023] [mpm_winnt:notice] [pid 8340:tid 412] AH00354: Child: Starting 150 worker threads.
[Tue Jan 03 23:49:34.318422 2023] [php7:notice] [pid 8340:tid 1904] [client ::1:56082] [client 0:0:0:0:0:0:0:1]  http://localhost  Invalid Login Token:  admin  Mozilla/5.0 (Windows NT 10.0; Win64; x64) AppleWebKit/537.36 (KHTML, like Gecko) Chrome/108.0.0.0 Safari/537.36, referer: http://localhost/login/index.php
[Wed Jan 04 01:07:18.805069 2023] [mpm_winnt:notice] [pid 5492:tid 408] AH00422: Parent: Received shutdown signal -- Shutting down the server.
[Wed Jan 04 01:07:21.220748 2023] [mpm_winnt:notice] [pid 8340:tid 412] AH00364: Child: All worker threads have exited.
[Wed Jan 04 01:07:28.116147 2023] [mpm_winnt:notice] [pid 5492:tid 408] AH00430: Parent: Child process 8340 exited successfully.
[Wed Jan 04 16:10:48.197016 2023] [ssl:warn] [pid 3116:tid 408] AH01909: www.example.com:443:0 server certificate does NOT include an ID which matches the server name
[Wed Jan 04 16:10:48.457767 2023] [ssl:warn] [pid 3116:tid 408] AH01909: www.example.com:443:0 server certificate does NOT include an ID which matches the server name
[Wed Jan 04 16:10:52.456587 2023] [mpm_winnt:notice] [pid 3116:tid 408] AH00455: Apache/2.4.53 (Win64) OpenSSL/1.1.1n PHP/7.4.28 configured -- resuming normal operations
[Wed Jan 04 16:10:52.456587 2023] [mpm_winnt:notice] [pid 3116:tid 408] AH00456: Apache Lounge VC15 Server built: Mar 16 2022 15:48:38
[Wed Jan 04 16:10:52.456587 2023] [core:notice] [pid 3116:tid 408] AH00094: Command line: 'apache\\bin\\httpd.exe -d C:/aula/server/apache -f conf\\httpd.conf'
[Wed Jan 04 16:10:52.479568 2023] [mpm_winnt:notice] [pid 3116:tid 408] AH00418: Parent: Created child process 14260
Apache server shutdown initiated...
sl:warn] [pid 14260:tid 412] AH01909: www.example.com:443:0 server certificate does NOT include an ID which matches the server name
[Wed Jan 04 16:10:54.410126 2023] [ssl:warn] [pid 14260:tid 412] AH01909: www.example.com:443:0 server certificate does NOT include an ID which matches the server name
[Wed Jan 04 16:10:54.518172 2023] [mpm_winnt:notice] [pid 14260:tid 412] AH00354: Child: Starting 150 worker threads.
[Wed Jan 04 17:38:13.695781 2023] [php7:notice] [pid 14260:tid 1896] [client ::1:64294] [client 0:0:0:0:0:0:0:1]  http://localhost  Invalid Login Token:  admin  Mozilla/5.0 (Windows NT 10.0; Win64; x64) AppleWebKit/537.36 (KHTML, like Gecko) Chrome/108.0.0.0 Safari/537.36, referer: http://localhost/login/index.php
[Wed Jan 04 18:05:11.333259 2023] [php7:notice] [pid 14260:tid 1884] [client ::1:64970] Cannot find session record 750mjlidpokfiiu8vrqhj820m4 for user 2, creating new session., referer: http://localhost/admin/settings.php?section=themesettingmoove
[Wed Jan 04 18:05:11.387270 2023] [php7:notice] [pid 14260:tid 1892] [client ::1:64966] Cannot find session record 750mjlidpokfiiu8vrqhj820m4 for user 2, creating new session., referer: http://localhost/admin/settings.php?section=themesettingmoove
[Wed Jan 04 18:48:35.919722 2023] [php7:notice] [pid 14260:tid 1896] [client ::1:49844] Cannot find session record m9jhifs0dl279l5g0btbcftgnt for user 2, creating new session., referer: http://localhost/admin/settings.php?section=themesettingmoove
[Wed Jan 04 18:48:36.081684 2023] [php7:notice] [pid 14260:tid 1872] [client ::1:49822] Cannot find session record m9jhifs0dl279l5g0btbcftgnt for user 2, creating new session., referer: http://localhost/admin/settings.php?section=themesettingmoove
[Wed Jan 04 18:48:36.086686 2023] [php7:notice] [pid 14260:tid 1892] [client ::1:49847] Cannot find session record m9jhifs0dl279l5g0btbcftgnt for user 2, creating new session., referer: http://localhost/admin/settings.php?section=themesettingmoove
[Wed Jan 04 18:48:36.094687 2023] [php7:notice] [pid 14260:tid 1868] [client ::1:49836] Cannot find session record m9jhifs0dl279l5g0btbcftgnt for user 2, creating new session., referer: http://localhost/admin/settings.php?section=themesettingmoove
[Wed Jan 04 19:11:50.346514 2023] [mpm_winnt:notice] [pid 3116:tid 408] AH00422: Parent: Received shutdown signal -- Shutting down the server.
[Wed Jan 04 19:11:52.587176 2023] [mpm_winnt:notice] [pid 14260:tid 412] AH00364: Child: All worker threads have exited.
[Thu Jan 05 00:13:21.599289 2023] [ssl:warn] [pid 5052:tid 408] AH01909: www.example.com:443:0 server certificate does NOT include an ID which matches the server name
[Thu Jan 05 00:13:21.907349 2023] [core:warn] [pid 5052:tid 408] AH00098: pid file C:/aula/server/apache/logs/httpd.pid overwritten -- Unclean shutdown of previous Apache run?
[Thu Jan 05 00:13:21.926355 2023] [ssl:warn] [pid 5052:tid 408] AH01909: www.example.com:443:0 server certificate does NOT include an ID which matches the server name
[Thu Jan 05 00:13:40.476516 2023] [mpm_winnt:notice] [pid 5052:tid 408] AH00455: Apache/2.4.53 (Win64) OpenSSL/1.1.1n PHP/7.4.28 configured -- resuming normal operations
[Thu Jan 05 00:13:40.575541 2023] [mpm_winnt:notice] [pid 5052:tid 408] AH00456: Apache Lounge VC15 Server built: Mar 16 2022 15:48:38
[Thu Jan 05 00:13:40.575541 2023] [core:notice] [pid 5052:tid 408] AH00094: Command line: 'apache\\bin\\httpd.exe -d C:/aula/server/apache -f conf\\httpd.conf'
[Thu Jan 05 00:13:41.076669 2023] [mpm_winnt:notice] [pid 5052:tid 408] AH00418: Parent: Created child process 7484
Apache server shutdown initiated...
[Thu Jan 05 00:13:48.351782 2023] [ssl:warn] [pid 7484:tid 416] AH01909: www.example.com:443:0 server certificate does NOT include an ID which matches the server name
[Thu Jan 05 00:13:48.677863 2023] [ssl:warn] [pid 7484:tid 416] AH01909: www.example.com:443:0 server certificate does NOT include an ID which matches the server name
[Thu Jan 05 00:13:49.487400 2023] [mpm_winnt:crit] [pid 7484:tid 416] (OS 109)Ha terminado la canalización.  : AH00404: Child: Unable to read socket data from parent
[Thu Jan 05 00:14:33.799227 2023] [ssl:warn] [pid 9856:tid 408] AH01909: www.example.com:443:0 server certificate does NOT include an ID which matches the server name
[Thu Jan 05 00:14:34.062293 2023] [core:warn] [pid 9856:tid 408] AH00098: pid file C:/aula/server/apache/logs/httpd.pid overwritten -- Unclean shutdown of previous Apache run?
[Thu Jan 05 00:14:34.072295 2023] [ssl:warn] [pid 9856:tid 408] AH01909: www.example.com:443:0 server certificate does NOT include an ID which matches the server name
[Thu Jan 05 00:14:35.402401 2023] [mpm_winnt:notice] [pid 9856:tid 408] AH00455: Apache/2.4.53 (Win64) OpenSSL/1.1.1n PHP/7.4.28 configured -- resuming normal operations
[Thu Jan 05 00:14:35.402401 2023] [mpm_winnt:notice] [pid 9856:tid 408] AH00456: Apache Lounge VC15 Server built: Mar 16 2022 15:48:38
[Thu Jan 05 00:14:35.403401 2023] [core:notice] [pid 9856:tid 408] AH00094: Command line: 'apache\\bin\\httpd.exe -d C:/aula/server/apache -f conf\\httpd.conf'
[Thu Jan 05 00:14:35.458973 2023] [mpm_winnt:notice] [pid 9856:tid 408] AH00418: Parent: Created child process 7636
Apache server shutdown initiated...
sl:warn] [pid 7636:tid 416] AH01909: www.example.com:443:0 server certificate does NOT include an ID which matches the server name
[Thu Jan 05 00:14:37.696533 2023] [ssl:warn] [pid 7636:tid 416] AH01909: www.example.com:443:0 server certificate does NOT include an ID which matches the server name
[Thu Jan 05 00:14:37.826566 2023] [mpm_winnt:notice] [pid 7636:tid 416] AH00354: Child: Starting 150 worker threads.
[Thu Jan 05 00:16:55.728524 2023] [php7:notice] [pid 7636:tid 1888] [client ::1:52107] [client 0:0:0:0:0:0:0:1]  http://localhost  Invalid Login Token:  admin  Mozilla/5.0 (Windows NT 10.0; Win64; x64) AppleWebKit/537.36 (KHTML, like Gecko) Chrome/108.0.0.0 Safari/537.36, referer: http://localhost/login/index.php
[Thu Jan 05 02:15:26.417422 2023] [mpm_winnt:notice] [pid 9856:tid 408] AH00422: Parent: Received shutdown signal -- Shutting down the server.
[Thu Jan 05 02:15:29.089832 2023] [mpm_winnt:notice] [pid 7636:tid 416] AH00364: Child: All worker threads have exited.
[Fri Jan 06 00:03:13.028591 2023] [ssl:warn] [pid 12432:tid 408] AH01909: www.example.com:443:0 server certificate does NOT include an ID which matches the server name
[Fri Jan 06 00:03:13.477703 2023] [core:warn] [pid 12432:tid 408] AH00098: pid file C:/aula/server/apache/logs/httpd.pid overwritten -- Unclean shutdown of previous Apache run?
[Fri Jan 06 00:03:13.491706 2023] [ssl:warn] [pid 12432:tid 408] AH01909: www.example.com:443:0 server certificate does NOT include an ID which matches the server name
[Fri Jan 06 00:03:19.014808 2023] [mpm_winnt:notice] [pid 12432:tid 408] AH00455: Apache/2.4.53 (Win64) OpenSSL/1.1.1n PHP/7.4.28 configured -- resuming normal operations
[Fri Jan 06 00:03:19.014808 2023] [mpm_winnt:notice] [pid 12432:tid 408] AH00456: Apache Lounge VC15 Server built: Mar 16 2022 15:48:38
[Fri Jan 06 00:03:19.014808 2023] [core:notice] [pid 12432:tid 408] AH00094: Command line: 'apache\\bin\\httpd.exe -d C:/aula/server/apache -f conf\\httpd.conf'
[Fri Jan 06 00:03:19.023811 2023] [mpm_winnt:notice] [pid 12432:tid 408] AH00418: Parent: Created child process 15312
Apache server shutdown initiated...
sl:warn] [pid 15312:tid 412] AH01909: www.example.com:443:0 server certificate does NOT include an ID which matches the server name
[Fri Jan 06 00:03:21.140252 2023] [ssl:warn] [pid 15312:tid 412] AH01909: www.example.com:443:0 server certificate does NOT include an ID which matches the server name
[Fri Jan 06 00:03:21.273284 2023] [mpm_winnt:notice] [pid 15312:tid 412] AH00354: Child: Starting 150 worker threads.
[Fri Jan 06 02:38:14.328297 2023] [mpm_winnt:notice] [pid 12432:tid 408] AH00422: Parent: Received shutdown signal -- Shutting down the server.
[Fri Jan 06 02:38:17.189774 2023] [mpm_winnt:notice] [pid 15312:tid 412] AH00364: Child: All worker threads have exited.
[Sat Jan 07 00:39:20.242256 2023] [ssl:warn] [pid 6220:tid 408] AH01909: www.example.com:443:0 server certificate does NOT include an ID which matches the server name
[Sat Jan 07 00:39:20.612349 2023] [core:warn] [pid 6220:tid 408] AH00098: pid file C:/aula/server/apache/logs/httpd.pid overwritten -- Unclean shutdown of previous Apache run?
[Sat Jan 07 00:39:20.624348 2023] [ssl:warn] [pid 6220:tid 408] AH01909: www.example.com:443:0 server certificate does NOT include an ID which matches the server name
[Sat Jan 07 00:39:31.586882 2023] [mpm_winnt:notice] [pid 6220:tid 408] AH00455: Apache/2.4.53 (Win64) OpenSSL/1.1.1n PHP/7.4.28 configured -- resuming normal operations
[Sat Jan 07 00:39:31.586882 2023] [mpm_winnt:notice] [pid 6220:tid 408] AH00456: Apache Lounge VC15 Server built: Mar 16 2022 15:48:38
[Sat Jan 07 00:39:31.586882 2023] [core:notice] [pid 6220:tid 408] AH00094: Command line: 'apache\\bin\\httpd.exe -d C:/aula/server/apache -f conf\\httpd.conf'
[Sat Jan 07 00:39:31.593885 2023] [mpm_winnt:notice] [pid 6220:tid 408] AH00418: Parent: Created child process 22080
Apache server shutdown initiated...
sl:warn] [pid 22080:tid 412] AH01909: www.example.com:443:0 server certificate does NOT include an ID which matches the server name
[Sat Jan 07 00:39:33.816860 2023] [ssl:warn] [pid 22080:tid 412] AH01909: www.example.com:443:0 server certificate does NOT include an ID which matches the server name
[Sat Jan 07 00:39:34.001882 2023] [mpm_winnt:notice] [pid 22080:tid 412] AH00354: Child: Starting 150 worker threads.
[Sat Jan 07 01:08:52.814100 2023] [php7:notice] [pid 22080:tid 1888] [client ::1:59168] [client 0:0:0:0:0:0:0:1]  http://localhost  Invalid Login Token:  admin  Mozilla/5.0 (Windows NT 10.0; Win64; x64) AppleWebKit/537.36 (KHTML, like Gecko) Chrome/108.0.0.0 Safari/537.36, referer: http://localhost/login/index.php
[Sat Jan 07 01:11:30.355710 2023] [mpm_winnt:notice] [pid 6220:tid 408] AH00422: Parent: Received shutdown signal -- Shutting down the server.
[Sat Jan 07 01:11:33.252354 2023] [mpm_winnt:notice] [pid 22080:tid 412] AH00364: Child: All worker threads have exited.
[Sat Jan 14 10:35:35.045329 2023] [ssl:warn] [pid 17372:tid 412] AH01909: www.example.com:443:0 server certificate does NOT include an ID which matches the server name
[Sat Jan 14 10:35:44.156880 2023] [core:warn] [pid 17372:tid 412] AH00098: pid file C:/aula/server/apache/logs/httpd.pid overwritten -- Unclean shutdown of previous Apache run?
[Sat Jan 14 10:35:44.167884 2023] [ssl:warn] [pid 17372:tid 412] AH01909: www.example.com:443:0 server certificate does NOT include an ID which matches the server name
[Sat Jan 14 10:37:14.657741 2023] [mpm_winnt:notice] [pid 17372:tid 412] AH00455: Apache/2.4.53 (Win64) OpenSSL/1.1.1n PHP/7.4.28 configured -- resuming normal operations
[Sat Jan 14 10:37:14.657741 2023] [mpm_winnt:notice] [pid 17372:tid 412] AH00456: Apache Lounge VC15 Server built: Mar 16 2022 15:48:38
[Sat Jan 14 10:37:14.657741 2023] [core:notice] [pid 17372:tid 412] AH00094: Command line: 'apache\\bin\\httpd.exe -d C:/aula/server/apache -f conf\\httpd.conf'
[Sat Jan 14 10:37:14.992826 2023] [mpm_winnt:notice] [pid 17372:tid 412] AH00418: Parent: Created child process 20096
Apache server shutdown initiated...
sl:warn] [pid 20096:tid 412] AH01909: www.example.com:443:0 server certificate does NOT include an ID which matches the server name
[Sat Jan 14 10:37:21.127340 2023] [ssl:warn] [pid 20096:tid 412] AH01909: www.example.com:443:0 server certificate does NOT include an ID which matches the server name
[Sat Jan 14 10:37:21.883006 2023] [mpm_winnt:notice] [pid 20096:tid 412] AH00354: Child: Starting 150 worker threads.
[Sat Jan 14 12:41:03.951777 2023] [mpm_winnt:notice] [pid 17372:tid 412] AH00422: Parent: Received shutdown signal -- Shutting down the server.
[Sat Jan 14 12:41:07.636908 2023] [mpm_winnt:notice] [pid 20096:tid 412] AH00364: Child: All worker threads have exited.
[Wed Feb 01 21:20:54.168172 2023] [ssl:warn] [pid 11736:tid 412] AH01909: www.example.com:443:0 server certificate does NOT include an ID which matches the server name
[Wed Feb 01 21:20:54.871341 2023] [core:warn] [pid 11736:tid 412] AH00098: pid file C:/aula/server/apache/logs/httpd.pid overwritten -- Unclean shutdown of previous Apache run?
[Wed Feb 01 21:20:54.886969 2023] [ssl:warn] [pid 11736:tid 412] AH01909: www.example.com:443:0 server certificate does NOT include an ID which matches the server name
[Wed Feb 01 21:21:11.067959 2023] [mpm_winnt:notice] [pid 11736:tid 412] AH00455: Apache/2.4.53 (Win64) OpenSSL/1.1.1n PHP/7.4.28 configured -- resuming normal operations
[Wed Feb 01 21:21:11.067959 2023] [mpm_winnt:notice] [pid 11736:tid 412] AH00456: Apache Lounge VC15 Server built: Mar 16 2022 15:48:38
[Wed Feb 01 21:21:11.067959 2023] [core:notice] [pid 11736:tid 412] AH00094: Command line: 'apache\\bin\\httpd.exe -d C:/aula/server/apache -f conf\\httpd.conf'
[Wed Feb 01 21:21:11.091398 2023] [mpm_winnt:notice] [pid 11736:tid 412] AH00418: Parent: Created child process 13112
Apache server shutdown initiated...
sl:warn] [pid 13112:tid 412] AH01909: www.example.com:443:0 server certificate does NOT include an ID which matches the server name
[Wed Feb 01 21:21:50.794518 2023] [ssl:warn] [pid 13112:tid 412] AH01909: www.example.com:443:0 server certificate does NOT include an ID which matches the server name
[Wed Feb 01 21:21:51.263624 2023] [mpm_winnt:notice] [pid 13112:tid 412] AH00354: Child: Starting 150 worker threads.
[Wed Feb 01 23:22:17.270211 2023] [mpm_winnt:notice] [pid 11736:tid 412] AH00422: Parent: Received shutdown signal -- Shutting down the server.
[Wed Feb 01 23:22:27.614654 2023] [mpm_winnt:notice] [pid 13112:tid 412] AH00364: Child: All worker threads have exited.
[Thu Feb 09 19:28:15.180347 2023] [ssl:warn] [pid 14004:tid 412] AH01909: www.example.com:443:0 server certificate does NOT include an ID which matches the server name
[Thu Feb 09 19:28:15.492681 2023] [core:warn] [pid 14004:tid 412] AH00098: pid file C:/aula/server/apache/logs/httpd.pid overwritten -- Unclean shutdown of previous Apache run?
[Thu Feb 09 19:28:15.508308 2023] [ssl:warn] [pid 14004:tid 412] AH01909: www.example.com:443:0 server certificate does NOT include an ID which matches the server name
[Thu Feb 09 19:28:20.314729 2023] [mpm_winnt:notice] [pid 14004:tid 412] AH00455: Apache/2.4.53 (Win64) OpenSSL/1.1.1n PHP/7.4.28 configured -- resuming normal operations
[Thu Feb 09 19:28:20.314729 2023] [mpm_winnt:notice] [pid 14004:tid 412] AH00456: Apache Lounge VC15 Server built: Mar 16 2022 15:48:38
[Thu Feb 09 19:28:20.314729 2023] [core:notice] [pid 14004:tid 412] AH00094: Command line: 'apache\\bin\\httpd.exe -d C:/aula/server/apache -f conf\\httpd.conf'
[Thu Feb 09 19:28:20.330186 2023] [mpm_winnt:notice] [pid 14004:tid 412] AH00418: Parent: Created child process 4108
Apache server shutdown initiated...
sl:warn] [pid 4108:tid 420] AH01909: www.example.com:443:0 server certificate does NOT include an ID which matches the server name
[Thu Feb 09 19:28:22.422642 2023] [ssl:warn] [pid 4108:tid 420] AH01909: www.example.com:443:0 server certificate does NOT include an ID which matches the server name
[Thu Feb 09 19:28:22.516397 2023] [mpm_winnt:notice] [pid 4108:tid 420] AH00354: Child: Starting 150 worker threads.
[Thu Feb 09 22:07:23.758192 2023] [mpm_winnt:notice] [pid 14004:tid 412] AH00422: Parent: Received shutdown signal -- Shutting down the server.
[Thu Feb 09 22:07:52.765738 2023] [mpm_winnt:notice] [pid 4108:tid 420] AH00364: Child: All worker threads have exited.
[Thu Mar 16 12:43:18.648880 2023] [ssl:warn] [pid 3340:tid 412] AH01909: www.example.com:443:0 server certificate does NOT include an ID which matches the server name
[Thu Mar 16 12:43:19.752953 2023] [core:warn] [pid 3340:tid 412] AH00098: pid file C:/aula/server/apache/logs/httpd.pid overwritten -- Unclean shutdown of previous Apache run?
[Thu Mar 16 12:43:20.002862 2023] [ssl:warn] [pid 3340:tid 412] AH01909: www.example.com:443:0 server certificate does NOT include an ID which matches the server name
[Thu Mar 16 12:43:51.483713 2023] [mpm_winnt:notice] [pid 3340:tid 412] AH00455: Apache/2.4.53 (Win64) OpenSSL/1.1.1n PHP/7.4.28 configured -- resuming normal operations
[Thu Mar 16 12:43:51.483713 2023] [mpm_winnt:notice] [pid 3340:tid 412] AH00456: Apache Lounge VC15 Server built: Mar 16 2022 15:48:38
[Thu Mar 16 12:43:51.483713 2023] [core:notice] [pid 3340:tid 412] AH00094: Command line: 'apache\\bin\\httpd.exe -d C:/aula/server/apache -f conf\\httpd.conf'
[Thu Mar 16 12:43:51.561844 2023] [mpm_winnt:notice] [pid 3340:tid 412] AH00418: Parent: Created child process 18200
Apache server shutdown initiated...
sl:warn] [pid 18200:tid 416] AH01909: www.example.com:443:0 server certificate does NOT include an ID which matches the server name
[Thu Mar 16 12:43:57.786351 2023] [ssl:warn] [pid 18200:tid 416] AH01909: www.example.com:443:0 server certificate does NOT include an ID which matches the server name
[Thu Mar 16 12:44:01.272283 2023] [mpm_winnt:notice] [pid 18200:tid 416] AH00354: Child: Starting 150 worker threads.
[Thu Mar 16 13:11:05.156651 2023] [mpm_winnt:notice] [pid 3340:tid 412] AH00422: Parent: Received shutdown signal -- Shutting down the server.
[Thu Mar 16 13:11:12.286989 2023] [mpm_winnt:notice] [pid 18200:tid 416] AH00364: Child: All worker threads have exited.
[Thu Mar 16 15:47:29.491530 2023] [ssl:warn] [pid 14068:tid 412] AH01909: www.example.com:443:0 server certificate does NOT include an ID which matches the server name
[Thu Mar 16 15:47:29.882181 2023] [core:warn] [pid 14068:tid 412] AH00098: pid file C:/aula/server/apache/logs/httpd.pid overwritten -- Unclean shutdown of previous Apache run?
[Thu Mar 16 15:47:29.897806 2023] [ssl:warn] [pid 14068:tid 412] AH01909: www.example.com:443:0 server certificate does NOT include an ID which matches the server name
[Thu Mar 16 15:47:33.626541 2023] [mpm_winnt:notice] [pid 14068:tid 412] AH00455: Apache/2.4.53 (Win64) OpenSSL/1.1.1n PHP/7.4.28 configured -- resuming normal operations
[Thu Mar 16 15:47:33.626541 2023] [mpm_winnt:notice] [pid 14068:tid 412] AH00456: Apache Lounge VC15 Server built: Mar 16 2022 15:48:38
[Thu Mar 16 15:47:33.626541 2023] [core:notice] [pid 14068:tid 412] AH00094: Command line: 'apache\\bin\\httpd.exe -d C:/aula/server/apache -f conf\\httpd.conf'
[Thu Mar 16 15:47:33.829677 2023] [mpm_winnt:notice] [pid 14068:tid 412] AH00418: Parent: Created child process 14912
[Thu Mar 16 15:47:37.361570 2023] [ssl:warn] [pid 14912:tid 420] AH01909: www.example.com:443:0 server certificate does NOT include an ID which matches the server name
[Thu Mar 16 15:47:38.098335 2023] [ssl:warn] [pid 14912:tid 420] AH01909: www.example.com:443:0 server certificate does NOT include an ID which matches the server name
[Thu Mar 16 15:47:38.192089 2023] [mpm_winnt:notice] [pid 14912:tid 420] AH00354: Child: Starting 150 worker threads.
[Thu Mar 16 17:42:57.377818 2023] [ssl:warn] [pid 10580:tid 412] AH01909: www.example.com:443:0 server certificate does NOT include an ID which matches the server name
[Thu Mar 16 17:42:57.842411 2023] [core:warn] [pid 10580:tid 412] AH00098: pid file C:/aula/server/apache/logs/httpd.pid overwritten -- Unclean shutdown of previous Apache run?
[Thu Mar 16 17:42:57.857875 2023] [ssl:warn] [pid 10580:tid 412] AH01909: www.example.com:443:0 server certificate does NOT include an ID which matches the server name
[Thu Mar 16 17:43:21.570014 2023] [mpm_winnt:notice] [pid 10580:tid 412] AH00455: Apache/2.4.53 (Win64) OpenSSL/1.1.1n PHP/7.4.28 configured -- resuming normal operations
[Thu Mar 16 17:43:21.570014 2023] [mpm_winnt:notice] [pid 10580:tid 412] AH00456: Apache Lounge VC15 Server built: Mar 16 2022 15:48:38
[Thu Mar 16 17:43:21.570014 2023] [core:notice] [pid 10580:tid 412] AH00094: Command line: 'apache\\bin\\httpd.exe -d C:/aula/server/apache -f conf\\httpd.conf'
[Thu Mar 16 17:43:21.579017 2023] [mpm_winnt:notice] [pid 10580:tid 412] AH00418: Parent: Created child process 13252
Apache server shutdown initiated...
sl:warn] [pid 13252:tid 416] AH01909: www.example.com:443:0 server certificate does NOT include an ID which matches the server name
[Thu Mar 16 17:43:25.190255 2023] [ssl:warn] [pid 13252:tid 416] AH01909: www.example.com:443:0 server certificate does NOT include an ID which matches the server name
[Thu Mar 16 17:43:25.296278 2023] [mpm_winnt:notice] [pid 13252:tid 416] AH00354: Child: Starting 150 worker threads.
[Thu Mar 16 18:19:57.097032 2023] [mpm_winnt:notice] [pid 10580:tid 412] AH00422: Parent: Received shutdown signal -- Shutting down the server.
[Thu Mar 16 18:19:59.201838 2023] [mpm_winnt:notice] [pid 13252:tid 416] AH00364: Child: All worker threads have exited.
[Thu Mar 16 18:19:59.809459 2023] [mpm_winnt:notice] [pid 10580:tid 412] AH00430: Parent: Child process 13252 exited successfully.
